2022-09-26 22:41:12,835 INFO org.springframework.boot.StartupInfoLogger [main] Started StaffManagementApplication in 9.655 seconds (JVM running for 10.722)
2022-09-26 22:42:24,435 INFO org.springframework.boot.StartupInfoLogger [main] Starting StaffManagementApplication using Java 11.0.15 on JagadeesanJHP with PID 19168 (E:\CAPGEMINI\UpSkill\Projects\Online-Hotel-Management\staff-management\target\classes started by jagaj in E:\CAPGEMINI\UpSkill\Projects\Online-Hotel-Management\staff-management)
2022-09-26 22:42:24,435 DEBUG org.springframework.boot.StartupInfoLogger [main] Running with Spring Boot v2.7.3, Spring v5.3.22
2022-09-26 22:42:24,435 INFO org.springframework.boot.SpringApplication [main] No active profile set, falling back to 1 default profile: "default"
2022-09-26 22:42:33,572 INFO org.springframework.boot.StartupInfoLogger [main] Started StaffManagementApplication in 10.152 seconds (JVM running for 10.913)
2022-09-26 22:44:25,407 INFO com.hotel.staffmanagement.controller.StaffController [http-nio-8082-exec-4] Add staff endpoint called.
2022-09-26 22:45:15,339 INFO com.hotel.staffmanagement.controller.StaffController [http-nio-8082-exec-5] Add staff endpoint called.
2022-09-26 22:45:39,792 INFO com.hotel.staffmanagement.controller.StaffController [http-nio-8082-exec-6] List all staff endpoint called.
2022-09-26 23:57:34,652 INFO org.springframework.boot.StartupInfoLogger [main] Starting StaffManagementApplication using Java 11.0.15 on JagadeesanJHP with PID 13708 (E:\CAPGEMINI\UpSkill\Projects\Online-Hotel-Management\staff-management\target\classes started by jagaj in E:\CAPGEMINI\UpSkill\Projects\Online-Hotel-Management\staff-management)
2022-09-26 23:57:34,656 DEBUG org.springframework.boot.StartupInfoLogger [main] Running with Spring Boot v2.7.3, Spring v5.3.22
2022-09-26 23:57:34,658 INFO org.springframework.boot.SpringApplication [main] No active profile set, falling back to 1 default profile: "default"
2022-09-26 23:57:49,138 INFO org.springframework.boot.StartupInfoLogger [main] Started StaffManagementApplication in 15.769 seconds (JVM running for 17.056)
2022-09-26 23:59:08,275 INFO org.springframework.boot.StartupInfoLogger [main] Starting StaffManagementApplication using Java 11.0.15 on JagadeesanJHP with PID 19960 (E:\CAPGEMINI\UpSkill\Projects\Online-Hotel-Management\staff-management\target\classes started by jagaj in E:\CAPGEMINI\UpSkill\Projects\Online-Hotel-Management\staff-management)
2022-09-26 23:59:08,277 DEBUG org.springframework.boot.StartupInfoLogger [main] Running with Spring Boot v2.7.3, Spring v5.3.22
2022-09-26 23:59:08,278 INFO org.springframework.boot.SpringApplication [main] No active profile set, falling back to 1 default profile: "default"
2022-09-26 23:59:35,375 INFO org.springframework.boot.StartupInfoLogger [main] Starting StaffManagementApplication using Java 11.0.15 on JagadeesanJHP with PID 7860 (E:\CAPGEMINI\UpSkill\Projects\Online-Hotel-Management\staff-management\target\classes started by jagaj in E:\CAPGEMINI\UpSkill\Projects\Online-Hotel-Management\staff-management)
2022-09-26 23:59:35,377 DEBUG org.springframework.boot.StartupInfoLogger [main] Running with Spring Boot v2.7.3, Spring v5.3.22
2022-09-26 23:59:35,378 INFO org.springframework.boot.SpringApplication [main] No active profile set, falling back to 1 default profile: "default"
2022-09-26 23:59:42,745 INFO org.springframework.boot.StartupInfoLogger [main] Started StaffManagementApplication in 8.609 seconds (JVM running for 9.692)
2022-09-26 23:59:48,131 INFO com.hotel.staffmanagement.controller.StaffController [http-nio-8082-exec-2] Staff test endpoint called.
