2022-10-14 14:02:29,681 INFO org.springframework.boot.StartupInfoLogger [main] Starting GuestManagementApplication using Java 11.0.15 on JagadeesanJHP with PID 2180 (E:\CAPGEMINI\UpSkill\Projects\Online-Hotel-Management\guest-management\target\classes started by jagaj in E:\CAPGEMINI\UpSkill\Projects\Online-Hotel-Management\guest-management)
2022-10-14 14:02:29,684 DEBUG org.springframework.boot.StartupInfoLogger [main] Running with Spring Boot v2.7.3, Spring v5.3.22
2022-10-14 14:02:29,686 INFO org.springframework.boot.SpringApplication [main] No active profile set, falling back to 1 default profile: "default"
2022-10-14 14:02:38,292 INFO org.springframework.boot.StartupInfoLogger [main] Started GuestManagementApplication in 9.588 seconds (JVM running for 19.514)
2022-10-14 14:03:00,027 INFO com.hotel.guestmanagement.controller.GuestController [http-nio-8081-exec-2] Guest test endpoint called.
2022-10-14 14:03:08,577 INFO com.hotel.guestmanagement.controller.GuestController [http-nio-8081-exec-3] Guest test endpoint called.
2022-10-14 14:03:50,383 INFO com.hotel.guestmanagement.controller.GuestController [http-nio-8081-exec-4] Add guest endpoint called.
2022-10-14 14:04:01,452 INFO com.hotel.guestmanagement.controller.GuestController [http-nio-8081-exec-5] List all guest endpoint called.
2022-10-14 14:04:08,606 INFO com.hotel.guestmanagement.controller.GuestController [http-nio-8081-exec-6] List all guest endpoint called.
2022-10-14 14:04:26,077 INFO com.hotel.guestmanagement.controller.GuestController [http-nio-8081-exec-7] Get guest by member code endpoint called.
2022-10-14 14:04:31,050 INFO com.hotel.guestmanagement.controller.GuestController [http-nio-8081-exec-8] Get guest by member code endpoint called.
2022-10-14 14:04:49,613 INFO com.hotel.guestmanagement.controller.GuestController [http-nio-8081-exec-9] Get guest by member code endpoint called.
2022-10-14 14:05:38,797 INFO com.hotel.guestmanagement.controller.GuestController [http-nio-8081-exec-10] Update guest by member code endpoint called.
2022-10-14 14:05:45,239 INFO com.hotel.guestmanagement.controller.GuestController [http-nio-8081-exec-1] Get guest by member code endpoint called.
2022-10-14 14:06:03,633 INFO com.hotel.guestmanagement.controller.GuestController [http-nio-8081-exec-2] Get guest by member code endpoint called.
2022-10-14 14:06:23,765 INFO com.hotel.guestmanagement.controller.GuestController [http-nio-8081-exec-3] Get guest by member code endpoint called.
2022-10-14 14:06:29,268 INFO com.hotel.guestmanagement.controller.GuestController [http-nio-8081-exec-4] Update guest by member code endpoint called.
2022-10-14 14:06:37,941 INFO com.hotel.guestmanagement.controller.GuestController [http-nio-8081-exec-5] Update guest by member code endpoint called.
2022-10-14 14:07:00,443 INFO com.hotel.guestmanagement.controller.GuestController [http-nio-8081-exec-6] Delete guest by member code endpoint called.
2022-10-14 14:07:04,066 INFO com.hotel.guestmanagement.controller.GuestController [http-nio-8081-exec-7] List all guest endpoint called.
2022-10-14 14:07:10,899 INFO com.hotel.guestmanagement.controller.GuestController [http-nio-8081-exec-8] Add guest endpoint called.
2022-10-14 14:07:13,262 INFO com.hotel.guestmanagement.controller.GuestController [http-nio-8081-exec-9] List all guest endpoint called.
2022-10-14 14:07:38,084 INFO com.hotel.guestmanagement.controller.GuestController [http-nio-8081-exec-10] Delete guest by member code endpoint called.
2022-10-14 14:07:41,367 INFO com.hotel.guestmanagement.controller.GuestController [http-nio-8081-exec-1] List all guest endpoint called.
2022-10-14 14:08:01,514 INFO com.hotel.guestmanagement.controller.GuestController [http-nio-8081-exec-2] Get guest by member code endpoint called.
2022-10-14 14:08:28,902 INFO com.hotel.guestmanagement.controller.GuestController [http-nio-8081-exec-3] Get guest by member code endpoint called.
2022-10-14 14:09:31,007 INFO com.hotel.guestmanagement.controller.GuestController [http-nio-8081-exec-6] Delete guest by member code endpoint called.
2022-10-14 14:09:33,691 INFO com.hotel.guestmanagement.controller.GuestController [http-nio-8081-exec-7] List all guest endpoint called.
2022-10-14 14:10:15,899 INFO com.hotel.guestmanagement.controller.GuestController [http-nio-8081-exec-8] Add guest endpoint called.
2022-10-14 14:10:19,522 INFO com.hotel.guestmanagement.controller.GuestController [http-nio-8081-exec-9] List all guest endpoint called.
2022-10-14 14:10:35,207 INFO com.hotel.guestmanagement.controller.GuestController [http-nio-8081-exec-10] Get guest by member code endpoint called.
2022-10-14 14:11:00,010 INFO com.hotel.guestmanagement.controller.GuestController [http-nio-8081-exec-1] Update guest by member code endpoint called.
2022-10-14 14:11:04,432 INFO com.hotel.guestmanagement.controller.GuestController [http-nio-8081-exec-2] Get guest by member code endpoint called.
2022-10-14 14:11:25,652 INFO com.hotel.guestmanagement.controller.GuestController [http-nio-8081-exec-3] Update guest by member code endpoint called.
2022-10-14 14:11:28,142 INFO com.hotel.guestmanagement.controller.GuestController [http-nio-8081-exec-4] Get guest by member code endpoint called.
2022-10-14 14:11:36,100 INFO com.hotel.guestmanagement.controller.GuestController [http-nio-8081-exec-5] Update guest by member code endpoint called.
2022-10-14 14:11:38,520 INFO com.hotel.guestmanagement.controller.GuestController [http-nio-8081-exec-6] Get guest by member code endpoint called.
2022-10-14 14:11:52,826 INFO com.hotel.guestmanagement.controller.GuestController [http-nio-8081-exec-7] Update guest by member code endpoint called.
2022-10-14 14:11:55,435 INFO com.hotel.guestmanagement.controller.GuestController [http-nio-8081-exec-8] Get guest by member code endpoint called.
2022-10-14 14:12:06,633 INFO com.hotel.guestmanagement.controller.GuestController [http-nio-8081-exec-9] Update guest by member code endpoint called.
2022-10-14 14:12:10,012 INFO com.hotel.guestmanagement.controller.GuestController [http-nio-8081-exec-10] Get guest by member code endpoint called.
2022-10-14 14:12:15,615 INFO com.hotel.guestmanagement.controller.GuestController [http-nio-8081-exec-1] Update guest by member code endpoint called.
2022-10-14 14:12:17,469 INFO com.hotel.guestmanagement.controller.GuestController [http-nio-8081-exec-2] Get guest by member code endpoint called.
2022-10-14 14:13:17,980 INFO org.springframework.boot.StartupInfoLogger [main] Starting GuestManagementApplication using Java 11.0.15 on JagadeesanJHP with PID 9900 (E:\CAPGEMINI\UpSkill\Projects\Online-Hotel-Management\guest-management\target\classes started by jagaj in E:\CAPGEMINI\UpSkill\Projects\Online-Hotel-Management\guest-management)
2022-10-14 14:13:17,985 DEBUG org.springframework.boot.StartupInfoLogger [main] Running with Spring Boot v2.7.3, Spring v5.3.22
2022-10-14 14:13:17,990 INFO org.springframework.boot.SpringApplication [main] No active profile set, falling back to 1 default profile: "default"
2022-10-14 14:13:29,178 INFO org.springframework.boot.StartupInfoLogger [main] Started GuestManagementApplication in 13.382 seconds (JVM running for 14.784)
2022-10-14 14:13:48,007 INFO com.hotel.guestmanagement.controller.GuestController [http-nio-8081-exec-2] Update guest by member code endpoint called.
2022-10-14 14:13:51,671 INFO com.hotel.guestmanagement.controller.GuestController [http-nio-8081-exec-3] Get guest by member code endpoint called.
2022-10-14 14:14:04,235 INFO com.hotel.guestmanagement.controller.GuestController [http-nio-8081-exec-4] Update guest by member code endpoint called.
2022-10-14 14:14:06,483 INFO com.hotel.guestmanagement.controller.GuestController [http-nio-8081-exec-5] Get guest by member code endpoint called.
2022-10-14 14:14:09,424 INFO com.hotel.guestmanagement.controller.GuestController [http-nio-8081-exec-6] List all guest endpoint called.
2022-10-14 14:14:53,289 INFO com.hotel.guestmanagement.controller.GuestController [http-nio-8081-exec-7] Guest test endpoint called.
2022-10-14 14:15:09,776 INFO com.hotel.guestmanagement.controller.GuestController [http-nio-8081-exec-8] Add guest endpoint called.
2022-10-14 14:15:13,707 INFO com.hotel.guestmanagement.controller.GuestController [http-nio-8081-exec-10] List all guest endpoint called.
2022-10-14 14:15:27,373 INFO com.hotel.guestmanagement.controller.GuestController [http-nio-8081-exec-1] Get guest by member code endpoint called.
2022-10-14 14:15:41,878 INFO com.hotel.guestmanagement.controller.GuestController [http-nio-8081-exec-2] Update guest by member code endpoint called.
2022-10-14 14:15:45,563 INFO com.hotel.guestmanagement.controller.GuestController [http-nio-8081-exec-3] Get guest by member code endpoint called.
2022-10-14 14:15:57,349 INFO com.hotel.guestmanagement.controller.GuestController [http-nio-8081-exec-4] Update guest by member code endpoint called.
2022-10-14 14:16:00,102 INFO com.hotel.guestmanagement.controller.GuestController [http-nio-8081-exec-5] Get guest by member code endpoint called.
2022-10-14 14:16:02,655 INFO com.hotel.guestmanagement.controller.GuestController [http-nio-8081-exec-6] List all guest endpoint called.
2022-10-14 14:16:40,988 INFO com.hotel.guestmanagement.controller.GuestController [http-nio-8081-exec-7] Delete guest by member code endpoint called.
2022-10-14 14:16:46,203 INFO com.hotel.guestmanagement.controller.GuestController [http-nio-8081-exec-8] Get guest by member code endpoint called.
2022-10-14 14:16:49,425 INFO com.hotel.guestmanagement.controller.GuestController [http-nio-8081-exec-9] Add guest endpoint called.
2022-10-14 14:16:52,956 INFO com.hotel.guestmanagement.controller.GuestController [http-nio-8081-exec-10] Get guest by member code endpoint called.
2022-10-14 14:17:07,754 INFO com.hotel.guestmanagement.controller.GuestController [http-nio-8081-exec-1] Update guest by member code endpoint called.
2022-10-14 14:17:09,866 INFO com.hotel.guestmanagement.controller.GuestController [http-nio-8081-exec-2] Get guest by member code endpoint called.
2022-10-14 14:17:18,073 INFO com.hotel.guestmanagement.controller.GuestController [http-nio-8081-exec-3] Delete guest by member code endpoint called.
