2022-09-24 18:28:38,723 INFO org.springframework.boot.StartupInfoLogger [main] Starting GuestManagementApplication using Java 11.0.15 on JagadeesanJHP with PID 11032 (E:\CAPGEMINI\UpSkill\Projects\Online-Hotel-Management\guest-management\target\classes started by jagaj in E:\CAPGEMINI\UpSkill\Projects\Online-Hotel-Management\guest-management)
2022-09-24 18:28:38,726 DEBUG org.springframework.boot.StartupInfoLogger [main] Running with Spring Boot v2.7.3, Spring v5.3.22
2022-09-24 18:28:38,728 INFO org.springframework.boot.SpringApplication [main] No active profile set, falling back to 1 default profile: "default"
2022-09-24 18:28:45,667 INFO org.springframework.boot.StartupInfoLogger [main] Started GuestManagementApplication in 8.344 seconds (JVM running for 10.512)
2022-09-24 18:28:52,919 INFO com.hotel.guestmanagement.controller.GuestController [http-nio-8081-exec-2] List all guest endpoint called.
2022-09-24 18:29:53,427 INFO org.springframework.boot.StartupInfoLogger [main] Starting GuestManagementApplication using Java 11.0.15 on JagadeesanJHP with PID 14140 (E:\CAPGEMINI\UpSkill\Projects\Online-Hotel-Management\guest-management\target\classes started by jagaj in E:\CAPGEMINI\UpSkill\Projects\Online-Hotel-Management\guest-management)
2022-09-24 18:29:53,430 DEBUG org.springframework.boot.StartupInfoLogger [main] Running with Spring Boot v2.7.3, Spring v5.3.22
2022-09-24 18:29:53,431 INFO org.springframework.boot.SpringApplication [main] No active profile set, falling back to 1 default profile: "default"
2022-09-24 18:30:00,539 INFO org.springframework.boot.StartupInfoLogger [main] Started GuestManagementApplication in 8.172 seconds (JVM running for 9.178)
2022-09-24 18:30:30,148 INFO org.springframework.boot.StartupInfoLogger [main] Starting GuestManagementApplication using Java 11.0.15 on JagadeesanJHP with PID 8700 (E:\CAPGEMINI\UpSkill\Projects\Online-Hotel-Management\guest-management\target\classes started by jagaj in E:\CAPGEMINI\UpSkill\Projects\Online-Hotel-Management\guest-management)
2022-09-24 18:30:30,151 DEBUG org.springframework.boot.StartupInfoLogger [main] Running with Spring Boot v2.7.3, Spring v5.3.22
2022-09-24 18:30:30,152 INFO org.springframework.boot.SpringApplication [main] No active profile set, falling back to 1 default profile: "default"
2022-09-24 18:30:37,358 INFO org.springframework.boot.StartupInfoLogger [main] Started GuestManagementApplication in 8.366 seconds (JVM running for 9.445)
2022-09-24 18:31:00,209 INFO org.springframework.boot.StartupInfoLogger [main] Starting GuestManagementApplication using Java 11.0.15 on JagadeesanJHP with PID 16196 (E:\CAPGEMINI\UpSkill\Projects\Online-Hotel-Management\guest-management\target\classes started by jagaj in E:\CAPGEMINI\UpSkill\Projects\Online-Hotel-Management\guest-management)
2022-09-24 18:31:00,211 DEBUG org.springframework.boot.StartupInfoLogger [main] Running with Spring Boot v2.7.3, Spring v5.3.22
2022-09-24 18:31:00,213 INFO org.springframework.boot.SpringApplication [main] No active profile set, falling back to 1 default profile: "default"
2022-09-24 18:31:06,845 INFO org.springframework.boot.StartupInfoLogger [main] Started GuestManagementApplication in 7.869 seconds (JVM running for 8.9)
2022-09-24 18:33:01,180 INFO org.springframework.boot.StartupInfoLogger [main] Starting GuestManagementApplication using Java 11.0.15 on JagadeesanJHP with PID 8792 (E:\CAPGEMINI\UpSkill\Projects\Online-Hotel-Management\guest-management\target\classes started by jagaj in E:\CAPGEMINI\UpSkill\Projects\Online-Hotel-Management\guest-management)
2022-09-24 18:33:01,183 DEBUG org.springframework.boot.StartupInfoLogger [main] Running with Spring Boot v2.7.3, Spring v5.3.22
2022-09-24 18:33:01,186 INFO org.springframework.boot.SpringApplication [main] No active profile set, falling back to 1 default profile: "default"
2022-09-24 18:33:09,871 INFO org.springframework.boot.StartupInfoLogger [main] Started GuestManagementApplication in 10.045 seconds (JVM running for 11.077)
2022-09-24 18:38:12,707 INFO org.springframework.boot.StartupInfoLogger [main] Starting GuestManagementApplication using Java 11.0.15 on JagadeesanJHP with PID 6704 (E:\CAPGEMINI\UpSkill\Projects\Online-Hotel-Management\guest-management\target\classes started by jagaj in E:\CAPGEMINI\UpSkill\Projects\Online-Hotel-Management\guest-management)
2022-09-24 18:38:12,711 DEBUG org.springframework.boot.StartupInfoLogger [main] Running with Spring Boot v2.7.3, Spring v5.3.22
2022-09-24 18:38:12,712 INFO org.springframework.boot.SpringApplication [main] No active profile set, falling back to 1 default profile: "default"
2022-09-24 18:38:20,637 INFO org.springframework.boot.StartupInfoLogger [main] Started GuestManagementApplication in 9.22 seconds (JVM running for 10.308)
2022-09-24 18:39:04,200 INFO org.springframework.boot.StartupInfoLogger [main] Starting GuestManagementApplication using Java 11.0.15 on JagadeesanJHP with PID 2016 (E:\CAPGEMINI\UpSkill\Projects\Online-Hotel-Management\guest-management\target\classes started by jagaj in E:\CAPGEMINI\UpSkill\Projects\Online-Hotel-Management\guest-management)
2022-09-24 18:39:04,203 DEBUG org.springframework.boot.StartupInfoLogger [main] Running with Spring Boot v2.7.3, Spring v5.3.22
2022-09-24 18:39:04,204 INFO org.springframework.boot.SpringApplication [main] No active profile set, falling back to 1 default profile: "default"
2022-09-24 18:39:11,808 INFO org.springframework.boot.StartupInfoLogger [main] Started GuestManagementApplication in 8.865 seconds (JVM running for 9.807)
2022-09-24 18:45:08,449 INFO org.springframework.boot.StartupInfoLogger [main] Starting GuestManagementApplication using Java 11.0.15 on JagadeesanJHP with PID 2080 (E:\CAPGEMINI\UpSkill\Projects\Online-Hotel-Management\guest-management\target\classes started by jagaj in E:\CAPGEMINI\UpSkill\Projects\Online-Hotel-Management\guest-management)
2022-09-24 18:45:08,451 DEBUG org.springframework.boot.StartupInfoLogger [main] Running with Spring Boot v2.7.3, Spring v5.3.22
2022-09-24 18:45:08,452 INFO org.springframework.boot.SpringApplication [main] No active profile set, falling back to 1 default profile: "default"
2022-09-24 18:45:16,239 INFO org.springframework.boot.StartupInfoLogger [main] Started GuestManagementApplication in 9.059 seconds (JVM running for 10.073)
2022-09-24 18:46:10,603 INFO org.springframework.boot.StartupInfoLogger [main] Starting GuestManagementApplication using Java 11.0.15 on JagadeesanJHP with PID 6240 (E:\CAPGEMINI\UpSkill\Projects\Online-Hotel-Management\guest-management\target\classes started by jagaj in E:\CAPGEMINI\UpSkill\Projects\Online-Hotel-Management\guest-management)
2022-09-24 18:46:10,605 DEBUG org.springframework.boot.StartupInfoLogger [main] Running with Spring Boot v2.7.3, Spring v5.3.22
2022-09-24 18:46:10,606 INFO org.springframework.boot.SpringApplication [main] No active profile set, falling back to 1 default profile: "default"
2022-09-24 18:46:17,814 INFO org.springframework.boot.StartupInfoLogger [main] Started GuestManagementApplication in 8.251 seconds (JVM running for 9.219)
2022-09-24 18:48:07,882 INFO org.springframework.boot.StartupInfoLogger [main] Starting GuestManagementApplication using Java 11.0.15 on JagadeesanJHP with PID 13552 (E:\CAPGEMINI\UpSkill\Projects\Online-Hotel-Management\guest-management\target\classes started by jagaj in E:\CAPGEMINI\UpSkill\Projects\Online-Hotel-Management\guest-management)
2022-09-24 18:48:07,884 DEBUG org.springframework.boot.StartupInfoLogger [main] Running with Spring Boot v2.7.3, Spring v5.3.22
2022-09-24 18:48:07,885 INFO org.springframework.boot.SpringApplication [main] No active profile set, falling back to 1 default profile: "default"
2022-09-24 18:48:16,828 INFO org.springframework.boot.StartupInfoLogger [main] Started GuestManagementApplication in 10.097 seconds (JVM running for 11.112)
2022-09-24 18:59:42,319 INFO org.springframework.boot.StartupInfoLogger [main] Starting GuestManagementApplication using Java 11.0.15 on JagadeesanJHP with PID 8784 (E:\CAPGEMINI\UpSkill\Projects\Online-Hotel-Management\guest-management\target\classes started by jagaj in E:\CAPGEMINI\UpSkill\Projects\Online-Hotel-Management\guest-management)
2022-09-24 18:59:42,322 DEBUG org.springframework.boot.StartupInfoLogger [main] Running with Spring Boot v2.7.3, Spring v5.3.22
2022-09-24 18:59:42,324 INFO org.springframework.boot.SpringApplication [main] No active profile set, falling back to 1 default profile: "default"
2022-09-24 18:59:53,493 INFO org.springframework.boot.StartupInfoLogger [main] Started GuestManagementApplication in 12.523 seconds (JVM running for 13.479)
2022-09-24 19:00:11,856 INFO com.hotel.guestmanagement.controller.GuestController [http-nio-8081-exec-1] Add guest endpoint called.
2022-09-24 21:41:52,227 INFO org.springframework.boot.StartupInfoLogger [main] Starting GuestManagementApplicationTests using Java 11.0.15 on JagadeesanJHP with PID 8292 (started by jagaj in E:\CAPGEMINI\UpSkill\Projects\Online-Hotel-Management\guest-management)
2022-09-24 21:41:52,232 DEBUG org.springframework.boot.StartupInfoLogger [main] Running with Spring Boot v2.7.3, Spring v5.3.22
2022-09-24 21:41:52,234 INFO org.springframework.boot.SpringApplication [main] No active profile set, falling back to 1 default profile: "default"
2022-09-24 21:42:01,317 INFO org.springframework.boot.StartupInfoLogger [main] Started GuestManagementApplicationTests in 9.971 seconds (JVM running for 12.091)
