2022-11-08 19:23:39,976 INFO org.springframework.boot.StartupInfoLogger [main] Starting GuestManagementApplication using Java 11.0.15 on JagadeesanJHP with PID 19476 (E:\CAPGEMINI\UpSkill\Projects\Online-Hotel-Management\guest-management\target\classes started by jagaj in E:\CAPGEMINI\UpSkill\Projects\Online-Hotel-Management\guest-management)
2022-11-08 19:23:39,976 DEBUG org.springframework.boot.StartupInfoLogger [main] Running with Spring Boot v2.7.3, Spring v5.3.22
2022-11-08 19:23:39,976 INFO org.springframework.boot.SpringApplication [main] No active profile set, falling back to 1 default profile: "default"
2022-11-08 19:23:47,253 INFO org.springframework.boot.StartupInfoLogger [main] Started GuestManagementApplication in 8.456 seconds (JVM running for 18.391)
2022-11-08 19:24:03,194 INFO com.hotel.guestmanagement.controller.GuestController [http-nio-8081-exec-1] List all guest endpoint called.
2022-11-08 19:24:18,765 INFO com.hotel.guestmanagement.controller.GuestController [http-nio-8081-exec-3] List all guest endpoint called.
2022-11-08 19:28:43,388 INFO com.hotel.guestmanagement.controller.GuestController [http-nio-8081-exec-5] List all guest endpoint called.
2022-11-08 19:29:06,073 INFO com.hotel.guestmanagement.controller.GuestController [http-nio-8081-exec-7] List all guest endpoint called.
2022-11-08 19:30:22,105 INFO com.hotel.guestmanagement.controller.GuestController [http-nio-8081-exec-1] List all guest endpoint called.
2022-11-08 19:31:16,419 INFO org.springframework.boot.StartupInfoLogger [main] Starting GuestManagementApplication using Java 11.0.15 on JagadeesanJHP with PID 13108 (E:\CAPGEMINI\UpSkill\Projects\Online-Hotel-Management\guest-management\target\classes started by jagaj in E:\CAPGEMINI\UpSkill\Projects\Online-Hotel-Management\guest-management)
2022-11-08 19:31:16,419 DEBUG org.springframework.boot.StartupInfoLogger [main] Running with Spring Boot v2.7.3, Spring v5.3.22
2022-11-08 19:31:16,419 INFO org.springframework.boot.SpringApplication [main] No active profile set, falling back to 1 default profile: "default"
2022-11-08 19:31:24,709 INFO org.springframework.boot.StartupInfoLogger [main] Started GuestManagementApplication in 9.587 seconds (JVM running for 10.585)
2022-11-08 19:31:50,928 INFO com.hotel.guestmanagement.controller.GuestController [http-nio-8081-exec-1] List all guest endpoint called.
2022-11-08 20:17:25,829 INFO com.hotel.guestmanagement.controller.GuestController [http-nio-8081-exec-3] List all guest endpoint called.
2022-11-08 20:17:27,902 INFO com.hotel.guestmanagement.controller.GuestController [http-nio-8081-exec-4] List all guest endpoint called.
2022-11-08 20:21:17,247 INFO org.springframework.boot.StartupInfoLogger [main] Starting GuestManagementApplication using Java 11.0.15 on JagadeesanJHP with PID 20720 (E:\CAPGEMINI\UpSkill\Projects\Online-Hotel-Management\guest-management\target\classes started by jagaj in E:\CAPGEMINI\UpSkill\Projects\Online-Hotel-Management\guest-management)
2022-11-08 20:21:17,250 DEBUG org.springframework.boot.StartupInfoLogger [main] Running with Spring Boot v2.7.3, Spring v5.3.22
2022-11-08 20:21:17,251 INFO org.springframework.boot.SpringApplication [main] No active profile set, falling back to 1 default profile: "default"
2022-11-08 20:21:25,754 INFO org.springframework.boot.StartupInfoLogger [main] Started GuestManagementApplication in 9.676 seconds (JVM running for 10.748)
2022-11-08 20:21:30,475 INFO com.hotel.guestmanagement.controller.GuestController [http-nio-8081-exec-5] List all guest endpoint called.
2022-11-08 20:27:08,433 INFO com.hotel.guestmanagement.controller.GuestController [http-nio-8081-exec-3] List all guest endpoint called.
2022-11-08 20:27:15,561 INFO com.hotel.guestmanagement.controller.GuestController [http-nio-8081-exec-7] List all guest endpoint called.
2022-11-08 20:28:50,247 INFO com.hotel.guestmanagement.controller.GuestController [http-nio-8081-exec-6] List all guest endpoint called.
2022-11-08 20:30:06,392 INFO com.hotel.guestmanagement.controller.GuestController [http-nio-8081-exec-9] List all guest endpoint called.
2022-11-08 20:43:38,176 INFO com.hotel.guestmanagement.controller.GuestController [http-nio-8081-exec-5] List all guest endpoint called.
2022-11-08 20:43:43,475 INFO com.hotel.guestmanagement.controller.GuestController [http-nio-8081-exec-1] List all guest endpoint called.
2022-11-08 20:43:48,405 INFO com.hotel.guestmanagement.controller.GuestController [http-nio-8081-exec-3] List all guest endpoint called.
2022-11-08 20:43:57,372 INFO com.hotel.guestmanagement.controller.GuestController [http-nio-8081-exec-7] List all guest endpoint called.
2022-11-08 20:44:15,269 INFO com.hotel.guestmanagement.controller.GuestController [http-nio-8081-exec-8] List all guest endpoint called.
2022-11-08 20:45:42,524 INFO com.hotel.guestmanagement.controller.GuestController [http-nio-8081-exec-10] List all guest endpoint called.
2022-11-08 20:48:22,679 INFO com.hotel.guestmanagement.controller.GuestController [http-nio-8081-exec-1] List all guest endpoint called.
2022-11-08 20:48:23,966 INFO com.hotel.guestmanagement.controller.GuestController [http-nio-8081-exec-3] List all guest endpoint called.
2022-11-08 20:51:16,406 INFO com.hotel.guestmanagement.controller.GuestController [http-nio-8081-exec-2] Add guest endpoint called.
2022-11-08 20:51:23,675 INFO com.hotel.guestmanagement.controller.GuestController [http-nio-8081-exec-6] List all guest endpoint called.
