2022-11-18 21:04:35,002 INFO com.hotel.guestmanagement.controller.GuestController [http-nio-8081-exec-4] List all guest endpoint called.
2022-11-18 21:04:37,546 INFO com.hotel.guestmanagement.controller.GuestController [http-nio-8081-exec-5] Get guest by member code endpoint called.
2022-11-18 21:04:45,888 INFO com.hotel.guestmanagement.controller.GuestController [http-nio-8081-exec-7] Update guest by member code endpoint called.
2022-11-18 21:04:49,295 INFO com.hotel.guestmanagement.controller.GuestController [http-nio-8081-exec-9] List all guest endpoint called.
2022-11-18 21:07:27,180 INFO com.hotel.guestmanagement.controller.GuestController [http-nio-8081-exec-1] Get guest by member code endpoint called.
2022-11-18 21:07:35,827 INFO com.hotel.guestmanagement.controller.GuestController [http-nio-8081-exec-4] Update guest by member code endpoint called.
2022-11-18 21:07:38,083 INFO com.hotel.guestmanagement.controller.GuestController [http-nio-8081-exec-2] List all guest endpoint called.
2022-11-18 21:09:57,728 INFO com.hotel.guestmanagement.controller.GuestController [http-nio-8081-exec-6] List all guest endpoint called.
2022-11-18 21:10:17,532 INFO com.hotel.guestmanagement.controller.GuestController [http-nio-8081-exec-7] List all guest endpoint called.
2022-11-18 21:10:22,373 INFO com.hotel.guestmanagement.controller.GuestController [http-nio-8081-exec-8] Get guest by member code endpoint called.
2022-11-18 21:10:28,824 INFO com.hotel.guestmanagement.controller.GuestController [http-nio-8081-exec-9] List all guest endpoint called.
2022-11-18 21:10:28,840 INFO com.hotel.guestmanagement.controller.GuestController [http-nio-8081-exec-10] Update guest by member code endpoint called.
2022-11-18 21:10:35,905 INFO com.hotel.guestmanagement.controller.GuestController [http-nio-8081-exec-1] List all guest endpoint called.
2022-11-18 21:11:10,971 INFO com.hotel.guestmanagement.controller.GuestController [http-nio-8081-exec-3] List all guest endpoint called.
2022-11-18 21:11:12,949 INFO com.hotel.guestmanagement.controller.GuestController [http-nio-8081-exec-4] Get guest by member code endpoint called.
2022-11-18 21:11:22,528 INFO com.hotel.guestmanagement.controller.GuestController [http-nio-8081-exec-2] Update guest by member code endpoint called.
2022-11-18 21:11:22,783 INFO com.hotel.guestmanagement.controller.GuestController [http-nio-8081-exec-5] List all guest endpoint called.
2022-11-18 23:20:28,533 INFO org.springframework.boot.StartupInfoLogger [main] Starting GuestManagementApplication using Java 11.0.15 on JagadeesanJHP with PID 2688 (E:\CAPGEMINI\UpSkill\Projects\Online-Hotel-Management\guest-management\target\classes started by jagaj in E:\CAPGEMINI\UpSkill\Projects\Online-Hotel-Management\guest-management)
2022-11-18 23:20:28,536 DEBUG org.springframework.boot.StartupInfoLogger [main] Running with Spring Boot v2.7.3, Spring v5.3.22
2022-11-18 23:20:28,538 INFO org.springframework.boot.SpringApplication [main] No active profile set, falling back to 1 default profile: "default"
2022-11-18 23:20:43,121 INFO org.springframework.boot.StartupInfoLogger [main] Started GuestManagementApplication in 17.71 seconds (JVM running for 20.114)
2022-11-18 23:40:57,445 INFO com.hotel.guestmanagement.controller.GuestController [http-nio-8081-exec-1] List all guest endpoint called.
2022-11-18 23:41:11,379 INFO com.hotel.guestmanagement.controller.GuestController [http-nio-8081-exec-2] List all guest endpoint called.
2022-11-18 23:49:25,780 INFO com.hotel.guestmanagement.controller.GuestController [http-nio-8081-exec-4] List all guest endpoint called.
2022-11-18 23:49:30,868 INFO com.hotel.guestmanagement.controller.GuestController [http-nio-8081-exec-9] Delete guest by member code endpoint called.
2022-11-18 23:49:34,301 INFO com.hotel.guestmanagement.controller.GuestController [http-nio-8081-exec-7] Delete guest by member code endpoint called.
2022-11-18 23:49:35,970 INFO com.hotel.guestmanagement.controller.GuestController [http-nio-8081-exec-10] Delete guest by member code endpoint called.
2022-11-18 23:49:40,132 INFO com.hotel.guestmanagement.controller.GuestController [http-nio-8081-exec-8] List all guest endpoint called.
2022-11-18 23:50:45,398 INFO com.hotel.guestmanagement.controller.GuestController [http-nio-8081-exec-2] List all guest endpoint called.
2022-11-18 23:50:53,054 INFO com.hotel.guestmanagement.controller.GuestController [http-nio-8081-exec-4] Delete guest by member code endpoint called.
2022-11-18 23:50:56,302 INFO com.hotel.guestmanagement.controller.GuestController [http-nio-8081-exec-6] List all guest endpoint called.
2022-11-18 23:52:01,681 INFO com.hotel.guestmanagement.controller.GuestController [http-nio-8081-exec-7] List all guest endpoint called.
2022-11-18 23:52:26,627 INFO com.hotel.guestmanagement.controller.GuestController [http-nio-8081-exec-10] List all guest endpoint called.
2022-11-18 23:53:56,214 INFO com.hotel.guestmanagement.controller.GuestController [http-nio-8081-exec-1] Add guest endpoint called.
2022-11-18 23:53:56,381 INFO com.hotel.guestmanagement.controller.GuestController [http-nio-8081-exec-2] List all guest endpoint called.
2022-11-18 23:54:02,317 INFO com.hotel.guestmanagement.controller.GuestController [http-nio-8081-exec-5] Delete guest by member code endpoint called.
2022-11-18 23:55:47,960 INFO com.hotel.guestmanagement.controller.GuestController [http-nio-8081-exec-6] List all guest endpoint called.
2022-11-18 23:56:53,261 INFO com.hotel.guestmanagement.controller.GuestController [http-nio-8081-exec-9] List all guest endpoint called.
2022-11-18 23:57:37,509 INFO com.hotel.guestmanagement.controller.GuestController [http-nio-8081-exec-8] List all guest endpoint called.
