2022-11-22 08:18:47,595 INFO org.springframework.boot.StartupInfoLogger [main] Starting GuestManagementApplication using Java 11.0.15 on JagadeesanJHP with PID 2436 (E:\CAPGEMINI\UpSkill\Projects\Online-Hotel-Management\guest-management\target\classes started by jagaj in E:\CAPGEMINI\UpSkill\Projects\Online-Hotel-Management\guest-management)
2022-11-22 08:18:47,602 DEBUG org.springframework.boot.StartupInfoLogger [main] Running with Spring Boot v2.7.3, Spring v5.3.22
2022-11-22 08:18:47,604 INFO org.springframework.boot.SpringApplication [main] No active profile set, falling back to 1 default profile: "default"
2022-11-22 08:19:09,236 INFO org.springframework.boot.StartupInfoLogger [main] Started GuestManagementApplication in 23.788 seconds (JVM running for 26.051)
2022-11-22 08:20:12,614 INFO com.hotel.guestmanagement.controller.GuestController [http-nio-8081-exec-1] List all guest endpoint called.
2022-11-22 08:20:48,886 INFO com.hotel.guestmanagement.controller.GuestController [http-nio-8081-exec-4] List all guest endpoint called.
2022-11-22 08:20:51,618 INFO com.hotel.guestmanagement.controller.GuestController [http-nio-8081-exec-5] List all guest endpoint called.
2022-11-22 08:20:55,493 INFO com.hotel.guestmanagement.controller.GuestController [http-nio-8081-exec-6] List all guest endpoint called.
2022-11-22 08:22:14,256 INFO com.hotel.guestmanagement.controller.GuestController [http-nio-8081-exec-4] List all guest endpoint called.
2022-11-22 08:23:01,069 INFO com.hotel.guestmanagement.controller.GuestController [http-nio-8081-exec-5] Add guest endpoint called.
2022-11-22 08:23:01,295 INFO com.hotel.guestmanagement.controller.GuestController [http-nio-8081-exec-6] List all guest endpoint called.
2022-11-22 08:23:08,205 INFO com.hotel.guestmanagement.controller.GuestController [http-nio-8081-exec-7] Get guest by member code endpoint called.
2022-11-22 08:23:22,283 INFO com.hotel.guestmanagement.controller.GuestController [http-nio-8081-exec-8] Update guest by member code endpoint called.
2022-11-22 08:23:22,428 INFO com.hotel.guestmanagement.controller.GuestController [http-nio-8081-exec-9] List all guest endpoint called.
2022-11-22 08:23:28,270 INFO com.hotel.guestmanagement.controller.GuestController [http-nio-8081-exec-10] Get guest by member code endpoint called.
2022-11-22 08:23:31,566 INFO com.hotel.guestmanagement.controller.GuestController [http-nio-8081-exec-1] Update guest by member code endpoint called.
2022-11-22 08:23:31,704 INFO com.hotel.guestmanagement.controller.GuestController [http-nio-8081-exec-2] List all guest endpoint called.
2022-11-22 08:23:41,070 INFO com.hotel.guestmanagement.controller.GuestController [http-nio-8081-exec-3] Get guest by member code endpoint called.
2022-11-22 08:23:47,108 INFO com.hotel.guestmanagement.controller.GuestController [http-nio-8081-exec-4] List all guest endpoint called.
2022-11-22 08:23:48,723 INFO com.hotel.guestmanagement.controller.GuestController [http-nio-8081-exec-5] Delete guest by member code endpoint called.
2022-11-22 08:23:53,588 INFO com.hotel.guestmanagement.controller.GuestController [http-nio-8081-exec-6] List all guest endpoint called.
