2022-11-18 10:14:42,757 INFO org.springframework.boot.StartupInfoLogger [main] Starting GuestManagementApplication using Java 11.0.15 on JagadeesanJHP with PID 9944 (E:\CAPGEMINI\UpSkill\Projects\Online-Hotel-Management\guest-management\target\classes started by jagaj in E:\CAPGEMINI\UpSkill\Projects\Online-Hotel-Management\guest-management)
2022-11-18 10:14:42,759 DEBUG org.springframework.boot.StartupInfoLogger [main] Running with Spring Boot v2.7.3, Spring v5.3.22
2022-11-18 10:14:42,759 INFO org.springframework.boot.SpringApplication [main] No active profile set, falling back to 1 default profile: "default"
2022-11-18 10:14:52,122 INFO org.springframework.boot.StartupInfoLogger [main] Started GuestManagementApplication in 10.59 seconds (JVM running for 21.721)
2022-11-18 10:16:27,214 INFO com.hotel.guestmanagement.controller.GuestController [http-nio-8081-exec-1] List all guest endpoint called.
2022-11-18 10:17:01,107 INFO com.hotel.guestmanagement.controller.GuestController [http-nio-8081-exec-3] List all guest endpoint called.
2022-11-18 10:18:55,740 INFO com.hotel.guestmanagement.controller.GuestController [http-nio-8081-exec-6] Add guest endpoint called.
2022-11-18 10:19:09,061 INFO com.hotel.guestmanagement.controller.GuestController [http-nio-8081-exec-8] List all guest endpoint called.
2022-11-18 10:20:00,523 INFO com.hotel.guestmanagement.controller.GuestController [http-nio-8081-exec-10] List all guest endpoint called.
2022-11-18 10:20:46,958 INFO com.hotel.guestmanagement.controller.GuestController [http-nio-8081-exec-2] List all guest endpoint called.
2022-11-18 10:20:47,022 INFO com.hotel.guestmanagement.controller.GuestController [http-nio-8081-exec-3] Add guest endpoint called.
2022-11-18 10:20:52,706 INFO com.hotel.guestmanagement.controller.GuestController [http-nio-8081-exec-4] List all guest endpoint called.
2022-11-18 10:22:01,239 INFO com.hotel.guestmanagement.controller.GuestController [http-nio-8081-exec-7] List all guest endpoint called.
2022-11-18 10:22:01,528 INFO com.hotel.guestmanagement.controller.GuestController [http-nio-8081-exec-8] List all guest endpoint called.
2022-11-18 10:22:46,853 INFO com.hotel.guestmanagement.controller.GuestController [http-nio-8081-exec-10] Add guest endpoint called.
2022-11-18 10:22:47,246 INFO com.hotel.guestmanagement.controller.GuestController [http-nio-8081-exec-1] List all guest endpoint called.
2022-11-18 10:23:52,470 INFO com.hotel.guestmanagement.controller.GuestController [http-nio-8081-exec-3] List all guest endpoint called.
2022-11-18 10:23:52,758 INFO com.hotel.guestmanagement.controller.GuestController [http-nio-8081-exec-4] List all guest endpoint called.
2022-11-18 10:24:16,437 INFO com.hotel.guestmanagement.controller.GuestController [http-nio-8081-exec-5] List all guest endpoint called.
2022-11-18 10:24:16,798 INFO com.hotel.guestmanagement.controller.GuestController [http-nio-8081-exec-7] List all guest endpoint called.
2022-11-18 10:26:35,788 INFO com.hotel.guestmanagement.controller.GuestController [http-nio-8081-exec-9] List all guest endpoint called.
2022-11-18 10:26:35,989 INFO com.hotel.guestmanagement.controller.GuestController [http-nio-8081-exec-10] List all guest endpoint called.
2022-11-18 10:27:03,893 INFO com.hotel.guestmanagement.controller.GuestController [http-nio-8081-exec-2] List all guest endpoint called.
2022-11-18 10:27:03,998 INFO com.hotel.guestmanagement.controller.GuestController [http-nio-8081-exec-3] List all guest endpoint called.
2022-11-18 11:59:50,848 INFO com.hotel.guestmanagement.controller.GuestController [http-nio-8081-exec-6] List all guest endpoint called.
2022-11-18 12:02:09,024 INFO com.hotel.guestmanagement.controller.GuestController [http-nio-8081-exec-7] List all guest endpoint called.
2022-11-18 13:17:42,090 INFO com.hotel.guestmanagement.controller.GuestController [http-nio-8081-exec-9] List all guest endpoint called.
2022-11-18 13:17:58,681 INFO com.hotel.guestmanagement.controller.GuestController [http-nio-8081-exec-1] List all guest endpoint called.
2022-11-18 13:19:32,642 INFO com.hotel.guestmanagement.controller.GuestController [http-nio-8081-exec-3] List all guest endpoint called.
2022-11-18 13:22:42,049 INFO com.hotel.guestmanagement.controller.GuestController [http-nio-8081-exec-6] List all guest endpoint called.
2022-11-18 13:22:46,902 INFO com.hotel.guestmanagement.controller.GuestController [http-nio-8081-exec-7] List all guest endpoint called.
2022-11-18 13:23:31,145 INFO com.hotel.guestmanagement.controller.GuestController [http-nio-8081-exec-9] List all guest endpoint called.
2022-11-18 13:24:19,253 INFO com.hotel.guestmanagement.controller.GuestController [http-nio-8081-exec-1] List all guest endpoint called.
2022-11-18 19:36:55,289 INFO org.springframework.boot.StartupInfoLogger [main] Starting GuestManagementApplication using Java 11.0.15 on JagadeesanJHP with PID 5828 (E:\CAPGEMINI\UpSkill\Projects\Online-Hotel-Management\guest-management\target\classes started by jagaj in E:\CAPGEMINI\UpSkill\Projects\Online-Hotel-Management\guest-management)
2022-11-18 19:36:55,289 DEBUG org.springframework.boot.StartupInfoLogger [main] Running with Spring Boot v2.7.3, Spring v5.3.22
2022-11-18 19:36:55,289 INFO org.springframework.boot.SpringApplication [main] No active profile set, falling back to 1 default profile: "default"
2022-11-18 19:37:04,812 INFO org.springframework.boot.StartupInfoLogger [main] Started GuestManagementApplication in 10.592 seconds (JVM running for 14.264)
2022-11-18 19:38:52,775 INFO com.hotel.guestmanagement.controller.GuestController [http-nio-8081-exec-2] List all guest endpoint called.
2022-11-18 19:40:32,030 INFO com.hotel.guestmanagement.controller.GuestController [http-nio-8081-exec-1] List all guest endpoint called.
2022-11-18 19:43:51,219 INFO com.hotel.guestmanagement.controller.GuestController [http-nio-8081-exec-5] List all guest endpoint called.
2022-11-18 19:44:24,736 INFO com.hotel.guestmanagement.controller.GuestController [http-nio-8081-exec-7] List all guest endpoint called.
2022-11-18 19:45:40,837 INFO com.hotel.guestmanagement.controller.GuestController [http-nio-8081-exec-10] List all guest endpoint called.
2022-11-18 20:01:59,048 INFO com.hotel.guestmanagement.controller.GuestController [http-nio-8081-exec-2] List all guest endpoint called.
2022-11-18 20:13:03,221 INFO com.hotel.guestmanagement.controller.GuestController [http-nio-8081-exec-1] List all guest endpoint called.
2022-11-18 20:19:06,837 INFO com.hotel.guestmanagement.controller.GuestController [http-nio-8081-exec-5] List all guest endpoint called.
2022-11-18 20:26:16,464 INFO com.hotel.guestmanagement.controller.GuestController [http-nio-8081-exec-7] List all guest endpoint called.
2022-11-18 20:37:49,720 INFO com.hotel.guestmanagement.controller.GuestController [http-nio-8081-exec-10] Get guest by member code endpoint called.
2022-11-18 20:41:21,875 INFO com.hotel.guestmanagement.controller.GuestController [http-nio-8081-exec-2] List all guest endpoint called.
2022-11-18 20:41:23,048 INFO com.hotel.guestmanagement.controller.GuestController [http-nio-8081-exec-3] Get guest by member code endpoint called.
2022-11-18 20:44:05,895 INFO com.hotel.guestmanagement.controller.GuestController [http-nio-8081-exec-4] Get guest by member code endpoint called.
2022-11-18 20:49:27,319 INFO com.hotel.guestmanagement.controller.GuestController [http-nio-8081-exec-6] Get guest by member code endpoint called.
2022-11-18 20:52:43,609 INFO com.hotel.guestmanagement.controller.GuestController [http-nio-8081-exec-8] Get guest by member code endpoint called.
2022-11-18 20:52:48,253 INFO com.hotel.guestmanagement.controller.GuestController [http-nio-8081-exec-10] Get guest by member code endpoint called.
2022-11-18 20:53:56,354 INFO com.hotel.guestmanagement.controller.GuestController [http-nio-8081-exec-2] Get guest by member code endpoint called.
2022-11-18 20:54:00,821 INFO com.hotel.guestmanagement.controller.GuestController [http-nio-8081-exec-3] Get guest by member code endpoint called.
2022-11-18 20:54:45,108 INFO com.hotel.guestmanagement.controller.GuestController [http-nio-8081-exec-4] Get guest by member code endpoint called.
2022-11-18 21:00:31,292 INFO com.hotel.guestmanagement.controller.GuestController [http-nio-8081-exec-6] Get guest by member code endpoint called.
2022-11-18 21:00:55,112 INFO com.hotel.guestmanagement.controller.GuestController [http-nio-8081-exec-8] Get guest by member code endpoint called.
2022-11-18 21:02:30,567 INFO org.springframework.boot.StartupInfoLogger [main] Starting GuestManagementApplication using Java 11.0.15 on JagadeesanJHP with PID 16648 (E:\CAPGEMINI\UpSkill\Projects\Online-Hotel-Management\guest-management\target\classes started by jagaj in E:\CAPGEMINI\UpSkill\Projects\Online-Hotel-Management\guest-management)
2022-11-18 21:02:30,569 DEBUG org.springframework.boot.StartupInfoLogger [main] Running with Spring Boot v2.7.3, Spring v5.3.22
2022-11-18 21:02:30,570 INFO org.springframework.boot.SpringApplication [main] No active profile set, falling back to 1 default profile: "default"
2022-11-18 21:02:41,681 INFO org.springframework.boot.StartupInfoLogger [main] Started GuestManagementApplication in 12.666 seconds (JVM running for 13.754)
2022-11-18 21:03:03,432 INFO com.hotel.guestmanagement.controller.GuestController [http-nio-8081-exec-1] Get guest by member code endpoint called.
2022-11-18 21:03:09,026 INFO com.hotel.guestmanagement.controller.GuestController [http-nio-8081-exec-4] List all guest endpoint called.
2022-11-18 21:03:12,220 INFO com.hotel.guestmanagement.controller.GuestController [http-nio-8081-exec-2] Get guest by member code endpoint called.
2022-11-18 21:04:06,562 INFO com.hotel.guestmanagement.controller.GuestController [http-nio-8081-exec-6] List all guest endpoint called.
2022-11-18 21:04:17,132 INFO com.hotel.guestmanagement.controller.GuestController [http-nio-8081-exec-8] Get guest by member code endpoint called.
2022-11-18 21:04:19,663 INFO com.hotel.guestmanagement.controller.GuestController [http-nio-8081-exec-9] List all guest endpoint called.
2022-11-18 21:04:31,598 INFO com.hotel.guestmanagement.controller.GuestController [http-nio-8081-exec-1] Get guest by member code endpoint called.
