2022-11-19 00:00:18,412 INFO com.hotel.guestmanagement.controller.GuestController [http-nio-8081-exec-7] List all guest endpoint called.
2022-11-19 00:01:02,834 INFO com.hotel.guestmanagement.controller.GuestController [http-nio-8081-exec-8] Get guest by member code endpoint called.
2022-11-19 00:01:10,561 INFO com.hotel.guestmanagement.controller.GuestController [http-nio-8081-exec-5] Update guest by member code endpoint called.
2022-11-19 00:01:10,733 INFO com.hotel.guestmanagement.controller.GuestController [http-nio-8081-exec-4] List all guest endpoint called.
2022-11-19 00:01:15,320 INFO com.hotel.guestmanagement.controller.GuestController [http-nio-8081-exec-6] Get guest by member code endpoint called.
2022-11-19 00:01:17,203 INFO com.hotel.guestmanagement.controller.GuestController [http-nio-8081-exec-3] Update guest by member code endpoint called.
2022-11-19 00:01:17,361 INFO com.hotel.guestmanagement.controller.GuestController [http-nio-8081-exec-7] List all guest endpoint called.
2022-11-19 00:02:08,781 INFO com.hotel.guestmanagement.controller.GuestController [http-nio-8081-exec-8] Add guest endpoint called.
2022-11-19 00:02:09,225 INFO com.hotel.guestmanagement.controller.GuestController [http-nio-8081-exec-1] List all guest endpoint called.
2022-11-19 00:03:33,772 INFO com.hotel.guestmanagement.controller.GuestController [http-nio-8081-exec-5] Delete guest by member code endpoint called.
2022-11-19 00:03:43,843 INFO com.hotel.guestmanagement.controller.GuestController [http-nio-8081-exec-6] List all guest endpoint called.
2022-11-19 00:05:12,272 INFO com.hotel.guestmanagement.controller.GuestController [http-nio-8081-exec-9] List all guest endpoint called.
2022-11-19 00:05:35,034 INFO com.hotel.guestmanagement.controller.GuestController [http-nio-8081-exec-8] Add guest endpoint called.
2022-11-19 00:05:35,138 INFO com.hotel.guestmanagement.controller.GuestController [http-nio-8081-exec-1] List all guest endpoint called.
2022-11-19 00:05:39,377 INFO com.hotel.guestmanagement.controller.GuestController [http-nio-8081-exec-5] Get guest by member code endpoint called.
2022-11-19 00:05:49,035 INFO com.hotel.guestmanagement.controller.GuestController [http-nio-8081-exec-3] Update guest by member code endpoint called.
2022-11-19 00:05:49,182 INFO com.hotel.guestmanagement.controller.GuestController [http-nio-8081-exec-9] List all guest endpoint called.
2022-11-19 00:05:59,541 INFO com.hotel.guestmanagement.controller.GuestController [http-nio-8081-exec-8] Delete guest by member code endpoint called.
2022-11-19 00:06:03,661 INFO com.hotel.guestmanagement.controller.GuestController [http-nio-8081-exec-1] List all guest endpoint called.
2022-11-19 21:07:22,048 INFO org.springframework.boot.StartupInfoLogger [main] Starting GuestManagementApplication using Java 11.0.15 on JagadeesanJHP with PID 9616 (E:\CAPGEMINI\UpSkill\Projects\Online-Hotel-Management\guest-management\target\classes started by jagaj in E:\CAPGEMINI\UpSkill\Projects\Online-Hotel-Management\guest-management)
2022-11-19 21:07:22,048 DEBUG org.springframework.boot.StartupInfoLogger [main] Running with Spring Boot v2.7.3, Spring v5.3.22
2022-11-19 21:07:22,054 INFO org.springframework.boot.SpringApplication [main] No active profile set, falling back to 1 default profile: "default"
2022-11-19 21:07:29,718 INFO org.springframework.boot.StartupInfoLogger [main] Started GuestManagementApplication in 8.864 seconds (JVM running for 20.518)
2022-11-19 21:09:45,690 INFO com.hotel.guestmanagement.controller.GuestController [http-nio-8081-exec-1] List all guest endpoint called.
2022-11-19 21:11:10,695 INFO com.hotel.guestmanagement.controller.GuestController [http-nio-8081-exec-2] List all guest endpoint called.
2022-11-19 21:15:31,714 INFO com.hotel.guestmanagement.controller.GuestController [http-nio-8081-exec-5] List all guest endpoint called.
2022-11-19 21:17:37,078 INFO com.hotel.guestmanagement.controller.GuestController [http-nio-8081-exec-8] List all guest endpoint called.
2022-11-19 21:17:44,356 INFO com.hotel.guestmanagement.controller.GuestController [http-nio-8081-exec-7] List all guest endpoint called.
2022-11-19 21:17:49,449 INFO com.hotel.guestmanagement.controller.GuestController [http-nio-8081-exec-10] List all guest endpoint called.
2022-11-19 21:30:26,808 INFO com.hotel.guestmanagement.controller.GuestController [http-nio-8081-exec-3] List all guest endpoint called.
2022-11-19 21:35:33,581 INFO com.hotel.guestmanagement.controller.GuestController [http-nio-8081-exec-4] List all guest endpoint called.
2022-11-19 21:36:32,797 INFO com.hotel.guestmanagement.controller.GuestController [http-nio-8081-exec-5] List all guest endpoint called.
2022-11-19 21:36:34,770 INFO com.hotel.guestmanagement.controller.GuestController [http-nio-8081-exec-6] Get guest by member code endpoint called.
2022-11-19 21:36:37,201 INFO com.hotel.guestmanagement.controller.GuestController [http-nio-8081-exec-8] List all guest endpoint called.
2022-11-19 21:40:17,394 INFO com.hotel.guestmanagement.controller.GuestController [http-nio-8081-exec-9] List all guest endpoint called.
2022-11-19 21:40:19,631 INFO com.hotel.guestmanagement.controller.GuestController [http-nio-8081-exec-10] Get guest by member code endpoint called.
2022-11-19 21:41:47,751 INFO com.hotel.guestmanagement.controller.GuestController [http-nio-8081-exec-3] List all guest endpoint called.
2022-11-19 21:42:06,489 INFO com.hotel.guestmanagement.controller.GuestController [http-nio-8081-exec-2] List all guest endpoint called.
2022-11-19 21:42:41,031 INFO com.hotel.guestmanagement.controller.GuestController [http-nio-8081-exec-4] List all guest endpoint called.
2022-11-19 21:44:27,017 INFO com.hotel.guestmanagement.controller.GuestController [http-nio-8081-exec-6] List all guest endpoint called.
2022-11-19 21:44:30,952 INFO com.hotel.guestmanagement.controller.GuestController [http-nio-8081-exec-8] List all guest endpoint called.
2022-11-19 21:45:18,175 INFO com.hotel.guestmanagement.controller.GuestController [http-nio-8081-exec-9] List all guest endpoint called.
2022-11-19 21:45:42,710 INFO com.hotel.guestmanagement.controller.GuestController [http-nio-8081-exec-3] Add guest endpoint called.
2022-11-19 21:45:42,973 INFO com.hotel.guestmanagement.controller.GuestController [http-nio-8081-exec-2] List all guest endpoint called.
2022-11-19 21:46:44,909 INFO com.hotel.guestmanagement.controller.GuestController [http-nio-8081-exec-5] List all guest endpoint called.
2022-11-19 21:46:47,906 INFO com.hotel.guestmanagement.controller.GuestController [http-nio-8081-exec-6] List all guest endpoint called.
2022-11-19 21:47:07,751 INFO com.hotel.guestmanagement.controller.GuestController [http-nio-8081-exec-8] List all guest endpoint called.
2022-11-19 21:47:34,013 INFO com.hotel.guestmanagement.controller.GuestController [http-nio-8081-exec-9] List all guest endpoint called.
2022-11-19 21:47:41,210 INFO com.hotel.guestmanagement.controller.GuestController [http-nio-8081-exec-1] List all guest endpoint called.
2022-11-19 21:47:56,416 INFO com.hotel.guestmanagement.controller.GuestController [http-nio-8081-exec-2] Get guest by member code endpoint called.
2022-11-19 21:48:28,315 INFO com.hotel.guestmanagement.controller.GuestController [http-nio-8081-exec-5] Get guest by member code endpoint called.
2022-11-19 21:48:30,893 INFO com.hotel.guestmanagement.controller.GuestController [http-nio-8081-exec-6] List all guest endpoint called.
2022-11-19 21:48:39,051 INFO com.hotel.guestmanagement.controller.GuestController [http-nio-8081-exec-7] Get guest by member code endpoint called.
2022-11-19 21:49:08,551 INFO com.hotel.guestmanagement.controller.GuestController [http-nio-8081-exec-10] Get guest by member code endpoint called.
2022-11-19 21:49:15,378 INFO com.hotel.guestmanagement.controller.GuestController [http-nio-8081-exec-1] List all guest endpoint called.
