2022-11-22 08:25:21,756 INFO org.springframework.boot.StartupInfoLogger [main] Starting ReservationManagementApplication using Java 11.0.15 on JagadeesanJHP with PID 656 (E:\CAPGEMINI\UpSkill\Projects\Online-Hotel-Management\reservation-management\target\classes started by jagaj in E:\CAPGEMINI\UpSkill\Projects\Online-Hotel-Management\reservation-management)
2022-11-22 08:25:21,759 DEBUG org.springframework.boot.StartupInfoLogger [main] Running with Spring Boot v2.7.3, Spring v5.3.22
2022-11-22 08:25:21,760 INFO org.springframework.boot.SpringApplication [main] No active profile set, falling back to 1 default profile: "default"
2022-11-22 08:25:29,956 INFO org.springframework.boot.StartupInfoLogger [main] Started ReservationManagementApplication in 9.36 seconds (JVM running for 10.305)
2022-11-22 08:25:54,973 INFO com.hotel.reservationmanagement.controller.ReservationController [http-nio-8084-exec-1] List all reservation endpoint called.
2022-11-22 08:26:14,241 INFO com.hotel.reservationmanagement.controller.ReservationController [http-nio-8084-exec-2] List all reservation endpoint called.
2022-11-22 08:26:35,605 INFO com.hotel.reservationmanagement.controller.ReservationController [http-nio-8084-exec-3] Get reservation by booking ID endpoint called.
2022-11-22 08:26:39,360 INFO com.hotel.reservationmanagement.controller.ReservationController [http-nio-8084-exec-4] List all reservation endpoint called.
2022-11-22 08:27:38,422 INFO com.hotel.reservationmanagement.controller.ReservationController [http-nio-8084-exec-5] List all reservation endpoint called.
2022-11-22 08:27:40,496 INFO com.hotel.reservationmanagement.controller.ReservationController [http-nio-8084-exec-6] Get reservation by booking ID endpoint called.
2022-11-22 08:27:54,326 INFO com.hotel.reservationmanagement.controller.ReservationController [http-nio-8084-exec-7] Get reservation by booking ID endpoint called.
2022-11-22 08:28:30,978 INFO com.hotel.reservationmanagement.controller.ReservationController [http-nio-8084-exec-8] Get reservation by booking ID endpoint called.
2022-11-22 08:28:32,329 INFO com.hotel.reservationmanagement.controller.ReservationController [http-nio-8084-exec-9] Get reservation by booking ID endpoint called.
2022-11-22 08:28:39,421 INFO com.hotel.reservationmanagement.controller.ReservationController [http-nio-8084-exec-10] List all reservation endpoint called.
2022-11-22 08:29:00,179 INFO com.hotel.reservationmanagement.controller.ReservationController [http-nio-8084-exec-1] List all reservation endpoint called.
2022-11-22 08:29:29,211 INFO com.hotel.reservationmanagement.controller.ReservationController [http-nio-8084-exec-2] List all reservation endpoint called.
2022-11-22 08:29:57,712 INFO com.hotel.reservationmanagement.controller.ReservationController [http-nio-8084-exec-3] Add reservation endpoint called.
2022-11-22 08:29:57,877 INFO com.hotel.reservationmanagement.controller.ReservationController [http-nio-8084-exec-4] List all reservation endpoint called.
2022-11-22 08:30:34,420 INFO com.hotel.reservationmanagement.controller.ReservationController [http-nio-8084-exec-5] Get reservation by booking ID endpoint called.
2022-11-22 08:31:20,146 INFO com.hotel.reservationmanagement.controller.ReservationController [http-nio-8084-exec-6] Get reservation by booking ID endpoint called.
2022-11-22 08:31:26,321 INFO com.hotel.reservationmanagement.controller.ReservationController [http-nio-8084-exec-7] Update reservation by booking ID endpoint called.
2022-11-22 08:31:26,452 INFO com.hotel.reservationmanagement.controller.ReservationController [http-nio-8084-exec-8] List all reservation endpoint called.
2022-11-22 08:31:31,011 INFO com.hotel.reservationmanagement.controller.ReservationController [http-nio-8084-exec-9] Get reservation by booking ID endpoint called.
2022-11-22 08:31:32,674 INFO com.hotel.reservationmanagement.controller.ReservationController [http-nio-8084-exec-10] List all reservation endpoint called.
2022-11-22 08:31:33,597 INFO com.hotel.reservationmanagement.controller.ReservationController [http-nio-8084-exec-1] Delete reservation by booking ID endpoint called.
2022-11-22 08:31:35,462 INFO com.hotel.reservationmanagement.controller.ReservationController [http-nio-8084-exec-2] List all reservation endpoint called.
2022-11-22 08:31:42,528 INFO com.hotel.reservationmanagement.controller.RoomController [http-nio-8084-exec-3] List all room endpoint called.
2022-11-22 08:31:57,971 INFO com.hotel.reservationmanagement.controller.RoomController [http-nio-8084-exec-4] Get room by room number endpoint called.
2022-11-22 08:32:04,030 INFO com.hotel.reservationmanagement.controller.RoomController [http-nio-8084-exec-5] Update room by room number endpoint called.
2022-11-22 08:32:04,169 INFO com.hotel.reservationmanagement.controller.RoomController [http-nio-8084-exec-6] List all room endpoint called.
2022-11-22 08:32:09,854 INFO com.hotel.reservationmanagement.controller.RoomController [http-nio-8084-exec-7] Get room by room number endpoint called.
2022-11-22 08:32:15,782 INFO com.hotel.reservationmanagement.controller.RoomController [http-nio-8084-exec-8] Update room by room number endpoint called.
2022-11-22 08:32:15,905 INFO com.hotel.reservationmanagement.controller.RoomController [http-nio-8084-exec-9] List all room endpoint called.
2022-11-22 08:33:24,229 INFO com.hotel.reservationmanagement.controller.RoomController [http-nio-8084-exec-1] Add room endpoint called.
2022-11-22 08:33:24,310 INFO com.hotel.reservationmanagement.controller.RoomController [http-nio-8084-exec-2] List all room endpoint called.
2022-11-22 08:33:29,655 INFO com.hotel.reservationmanagement.controller.RoomController [http-nio-8084-exec-3] Get room by room number endpoint called.
2022-11-22 08:33:34,476 INFO com.hotel.reservationmanagement.controller.RoomController [http-nio-8084-exec-4] Update room by room number endpoint called.
2022-11-22 08:33:34,615 INFO com.hotel.reservationmanagement.controller.RoomController [http-nio-8084-exec-5] List all room endpoint called.
2022-11-22 08:33:42,610 INFO com.hotel.reservationmanagement.controller.RoomController [http-nio-8084-exec-6] Get room by room number endpoint called.
2022-11-22 08:33:49,754 INFO com.hotel.reservationmanagement.controller.RoomController [http-nio-8084-exec-7] Update room by room number endpoint called.
2022-11-22 08:33:50,807 INFO com.hotel.reservationmanagement.controller.RoomController [http-nio-8084-exec-8] List all room endpoint called.
2022-11-22 08:34:00,717 INFO com.hotel.reservationmanagement.controller.RoomController [http-nio-8084-exec-9] Delete room by room number endpoint called.
2022-11-22 08:34:02,564 INFO com.hotel.reservationmanagement.controller.RoomController [http-nio-8084-exec-10] List all room endpoint called.
2022-11-22 08:36:12,450 INFO org.springframework.boot.StartupInfoLogger [main] Starting ReservationManagementApplication using Java 11.0.15 on JagadeesanJHP with PID 8716 (E:\CAPGEMINI\UpSkill\Projects\Online-Hotel-Management\reservation-management\target\classes started by jagaj in E:\CAPGEMINI\UpSkill\Projects\Online-Hotel-Management\reservation-management)
2022-11-22 08:36:12,452 DEBUG org.springframework.boot.StartupInfoLogger [main] Running with Spring Boot v2.7.3, Spring v5.3.22
2022-11-22 08:36:12,453 INFO org.springframework.boot.SpringApplication [main] No active profile set, falling back to 1 default profile: "default"
2022-11-22 08:36:21,025 INFO org.springframework.boot.StartupInfoLogger [main] Started ReservationManagementApplication in 9.97 seconds (JVM running for 11.129)
2022-11-22 08:36:25,332 INFO com.hotel.reservationmanagement.controller.RoomController [http-nio-8084-exec-1] Get room by room number endpoint called.
2022-11-22 08:36:28,691 INFO com.hotel.reservationmanagement.controller.RoomController [http-nio-8084-exec-2] List all room endpoint called.
2022-11-22 08:36:45,927 INFO com.hotel.reservationmanagement.controller.RoomController [http-nio-8084-exec-5] Add room endpoint called.
2022-11-22 08:36:46,099 INFO com.hotel.reservationmanagement.controller.RoomController [http-nio-8084-exec-4] List all room endpoint called.
2022-11-22 08:36:49,653 INFO com.hotel.reservationmanagement.controller.RoomController [http-nio-8084-exec-6] Get room by room number endpoint called.
2022-11-22 08:36:57,078 INFO com.hotel.reservationmanagement.controller.RoomController [http-nio-8084-exec-3] Update room by room number endpoint called.
2022-11-22 08:36:57,196 INFO com.hotel.reservationmanagement.controller.RoomController [http-nio-8084-exec-7] List all room endpoint called.
2022-11-22 08:37:04,776 INFO com.hotel.reservationmanagement.controller.RoomController [http-nio-8084-exec-8] Delete room by room number endpoint called.
2022-11-22 08:37:14,184 INFO com.hotel.reservationmanagement.controller.RoomController [http-nio-8084-exec-9] List all room endpoint called.
2022-11-22 08:37:23,006 INFO com.hotel.reservationmanagement.controller.RoomController [http-nio-8084-exec-10] List all room endpoint called.
2022-11-22 08:38:02,476 INFO com.hotel.reservationmanagement.controller.ReservationController [http-nio-8084-exec-1] List all reservation endpoint called.
2022-11-22 08:38:14,741 INFO com.hotel.reservationmanagement.controller.ReservationController [http-nio-8084-exec-2] List all reservation endpoint called.
2022-11-22 08:38:45,404 INFO com.hotel.reservationmanagement.controller.ReservationController [http-nio-8084-exec-5] Add reservation endpoint called.
2022-11-22 08:38:45,507 INFO com.hotel.reservationmanagement.controller.ReservationController [http-nio-8084-exec-4] List all reservation endpoint called.
2022-11-22 08:38:50,277 INFO com.hotel.reservationmanagement.controller.ReservationController [http-nio-8084-exec-6] Get reservation by booking ID endpoint called.
2022-11-22 08:38:56,460 INFO com.hotel.reservationmanagement.controller.ReservationController [http-nio-8084-exec-3] Update reservation by booking ID endpoint called.
2022-11-22 08:38:56,610 INFO com.hotel.reservationmanagement.controller.ReservationController [http-nio-8084-exec-7] List all reservation endpoint called.
2022-11-22 08:39:00,187 INFO com.hotel.reservationmanagement.controller.ReservationController [http-nio-8084-exec-8] Get reservation by booking ID endpoint called.
