2023-04-14 18:19:57,185 INFO org.springframework.boot.StartupInfoLogger [main] Starting GuestManagementApplication using Java 11.0.15 on JagadeesanJHP with PID 5184 (E:\CAPGEMINI\UpSkill\Projects\Online-Hotel-Management\guest-management\target\classes started by jagaj in E:\CAPGEMINI\UpSkill\Projects\Online-Hotel-Management\guest-management)
2023-04-14 18:19:57,190 DEBUG org.springframework.boot.StartupInfoLogger [main] Running with Spring Boot v2.7.3, Spring v5.3.22
2023-04-14 18:19:57,192 INFO org.springframework.boot.SpringApplication [main] No active profile set, falling back to 1 default profile: "default"
2023-04-14 18:20:08,597 INFO org.springframework.boot.StartupInfoLogger [main] Started GuestManagementApplication in 12.629 seconds (JVM running for 14.233)
2023-04-14 18:41:14,074 INFO com.hotel.guestmanagement.controller.GuestController [http-nio-8081-exec-1] List all guest endpoint called.
2023-04-14 18:41:15,235 INFO com.hotel.guestmanagement.controller.GuestController [http-nio-8081-exec-2] List all guest endpoint called.
2023-04-14 18:41:24,719 INFO com.hotel.guestmanagement.controller.GuestController [http-nio-8081-exec-3] Get guest by member code endpoint called.
2023-04-14 18:41:28,316 INFO com.hotel.guestmanagement.controller.GuestController [http-nio-8081-exec-4] List all guest endpoint called.
2023-04-14 18:41:34,604 INFO com.hotel.guestmanagement.controller.GuestController [http-nio-8081-exec-5] Get guest by member code endpoint called.
2023-04-14 18:41:36,868 INFO com.hotel.guestmanagement.controller.GuestController [http-nio-8081-exec-6] List all guest endpoint called.
2023-04-14 18:52:23,361 INFO com.hotel.guestmanagement.controller.GuestController [http-nio-8081-exec-9] List all guest endpoint called.
2023-04-14 18:52:27,114 INFO com.hotel.guestmanagement.controller.GuestController [http-nio-8081-exec-8] Get guest by member code endpoint called.
2023-04-14 18:52:28,672 INFO com.hotel.guestmanagement.controller.GuestController [http-nio-8081-exec-10] List all guest endpoint called.
2023-04-14 18:52:40,256 INFO com.hotel.guestmanagement.controller.GuestController [http-nio-8081-exec-2] List all guest endpoint called.
2023-04-14 18:52:41,939 INFO com.hotel.guestmanagement.controller.GuestController [http-nio-8081-exec-1] Get guest by member code endpoint called.
2023-04-14 18:52:43,647 INFO com.hotel.guestmanagement.controller.GuestController [http-nio-8081-exec-3] List all guest endpoint called.
2023-04-14 18:52:46,732 INFO com.hotel.guestmanagement.controller.GuestController [http-nio-8081-exec-4] Delete guest by member code endpoint called.
2023-04-14 18:52:51,308 INFO com.hotel.guestmanagement.controller.GuestController [http-nio-8081-exec-5] List all guest endpoint called.
2023-04-14 18:53:08,511 INFO com.hotel.guestmanagement.controller.GuestController [http-nio-8081-exec-6] Get guest by member code endpoint called.
2023-04-14 18:53:10,127 INFO com.hotel.guestmanagement.controller.GuestController [http-nio-8081-exec-7] List all guest endpoint called.
2023-04-14 18:53:11,071 INFO com.hotel.guestmanagement.controller.GuestController [http-nio-8081-exec-9] Get guest by member code endpoint called.
2023-04-14 18:53:14,160 INFO com.hotel.guestmanagement.controller.GuestController [http-nio-8081-exec-8] List all guest endpoint called.
2023-04-14 19:33:35,371 INFO com.hotel.guestmanagement.controller.GuestController [http-nio-8081-exec-1] List all guest endpoint called.
2023-04-14 19:33:44,410 INFO com.hotel.guestmanagement.controller.GuestController [http-nio-8081-exec-2] List all guest endpoint called.
2023-04-14 19:33:45,395 INFO com.hotel.guestmanagement.controller.GuestController [http-nio-8081-exec-4] Get guest by member code endpoint called.
2023-04-14 19:33:47,001 INFO com.hotel.guestmanagement.controller.GuestController [http-nio-8081-exec-3] List all guest endpoint called.
2023-04-14 19:33:49,309 INFO com.hotel.guestmanagement.controller.GuestController [http-nio-8081-exec-5] Get guest by member code endpoint called.
2023-04-14 19:33:50,570 INFO com.hotel.guestmanagement.controller.GuestController [http-nio-8081-exec-6] List all guest endpoint called.
2023-04-14 19:33:52,718 INFO com.hotel.guestmanagement.controller.GuestController [http-nio-8081-exec-7] Delete guest by member code endpoint called.
2023-04-14 19:33:55,015 INFO com.hotel.guestmanagement.controller.GuestController [http-nio-8081-exec-8] List all guest endpoint called.
2023-04-14 19:39:17,112 INFO com.hotel.guestmanagement.controller.GuestController [http-nio-8081-exec-10] List all guest endpoint called.
2023-04-14 19:39:25,253 INFO com.hotel.guestmanagement.controller.GuestController [http-nio-8081-exec-1] Get guest by member code endpoint called.
2023-04-14 19:39:30,692 INFO com.hotel.guestmanagement.controller.GuestController [http-nio-8081-exec-2] List all guest endpoint called.
2023-04-14 19:39:33,375 INFO com.hotel.guestmanagement.controller.GuestController [http-nio-8081-exec-4] List all guest endpoint called.
2023-04-14 19:39:34,267 INFO com.hotel.guestmanagement.controller.GuestController [http-nio-8081-exec-3] Get guest by member code endpoint called.
2023-04-14 19:39:35,270 INFO com.hotel.guestmanagement.controller.GuestController [http-nio-8081-exec-5] List all guest endpoint called.
2023-04-14 19:39:36,953 INFO com.hotel.guestmanagement.controller.GuestController [http-nio-8081-exec-6] Get guest by member code endpoint called.
2023-04-14 19:39:38,130 INFO com.hotel.guestmanagement.controller.GuestController [http-nio-8081-exec-7] List all guest endpoint called.
2023-04-14 19:39:56,428 INFO com.hotel.guestmanagement.controller.GuestController [http-nio-8081-exec-8] Delete guest by member code endpoint called.
2023-04-14 19:39:58,718 INFO com.hotel.guestmanagement.controller.GuestController [http-nio-8081-exec-9] List all guest endpoint called.
